<?xml version="1.0" encoding="UTF-8"?>
<testsuite name="com.bongsick.bongsick.BongsickApplicationTests" tests="1" skipped="0" failures="0" errors="0" timestamp="2023-05-07T09:23:45" hostname="Jaewons-MBP.localdomain" time="0.382">
  <properties/>
  <testcase name="contextLoads()" classname="com.bongsick.bongsick.BongsickApplicationTests" time="0.382"/>
  <system-out><![CDATA[18:23:43.516 [Test worker] DEBUG org.springframework.boot.test.context.SpringBootTestContextBootstrapper -- Neither @ContextConfiguration nor @ContextHierarchy found for test class [BongsickApplicationTests]: using SpringBootContextLoader
18:23:43.523 [Test worker] DEBUG org.springframework.test.context.support.AbstractContextLoader -- Could not detect default resource locations for test class [com.bongsick.bongsick.BongsickApplicationTests]: no resource found for suffixes {-context.xml, Context.groovy}.
18:23:43.524 [Test worker] INFO org.springframework.test.context.support.AnnotationConfigContextLoaderUtils -- Could not detect default configuration classes for test class [com.bongsick.bongsick.BongsickApplicationTests]: BongsickApplicationTests does not declare any static, non-private, non-final, nested classes annotated with @Configuration.
18:23:43.551 [Test worker] DEBUG org.springframework.boot.test.context.SpringBootTestContextBootstrapper -- Using ContextCustomizers for test class [BongsickApplicationTests]: [DisableObservabilityContextCustomizer, PropertyMappingContextCustomizer, Customizer, ExcludeFilterContextCustomizer, DuplicateJsonObjectContextCustomizer, MockitoContextCustomizer, TestRestTemplateContextCustomizer]
18:23:43.606 [Test worker] DEBUG org.springframework.context.annotation.ClassPathScanningCandidateComponentProvider -- Identified candidate component class: file [/Users/jaewonchung/Library/Mobile Documents/com~apple~CloudDocs/Codes/bongsick/backend/bongsick/build/classes/java/main/com/bongsick/bongsick/BongsickApplication.class]
18:23:43.608 [Test worker] INFO org.springframework.boot.test.context.SpringBootTestContextBootstrapper -- Found @SpringBootConfiguration com.bongsick.bongsick.BongsickApplication for test class com.bongsick.bongsick.BongsickApplicationTests
18:23:43.687 [Test worker] DEBUG org.springframework.test.context.util.TestContextSpringFactoriesUtils -- Skipping candidate TestExecutionListener [org.springframework.test.context.transaction.TransactionalTestExecutionListener] due to a missing dependency. Specify custom TestExecutionListener classes or make the default TestExecutionListener classes and their required dependencies available. Offending class: [org/springframework/transaction/interceptor/TransactionAttributeSource]
18:23:43.689 [Test worker] DEBUG org.springframework.test.context.util.TestContextSpringFactoriesUtils -- Skipping candidate TestExecutionListener [org.springframework.test.context.jdbc.SqlScriptsTestExecutionListener] due to a missing dependency. Specify custom TestExecutionListener classes or make the default TestExecutionListener classes and their required dependencies available. Offending class: [org/springframework/transaction/interceptor/TransactionAttribute]
18:23:43.692 [Test worker] DEBUG org.springframework.boot.test.context.SpringBootTestContextBootstrapper -- Using TestExecutionListeners for test class [BongsickApplicationTests]: [ServletTestExecutionListener, DirtiesContextBeforeModesTestExecutionListener, ApplicationEventsTestExecutionListener, MockitoTestExecutionListener, DependencyInjectionTestExecutionListener, DirtiesContextTestExecutionListener, EventPublishingTestExecutionListener, RestDocsTestExecutionListener, MockRestServiceServerResetTestExecutionListener, MockMvcPrintOnlyOnFailureTestExecutionListener, WebDriverTestExecutionListener, MockWebServiceServerTestExecutionListener, ResetMocksTestExecutionListener]
18:23:43.693 [Test worker] DEBUG org.springframework.test.context.support.AbstractDirtiesContextTestExecutionListener -- Before test class: class [BongsickApplicationTests], class annotated with @DirtiesContext [false] with mode [null]

  .   ____          _            __ _ _
 /\\ / ___'_ __ _ _(_)_ __  __ _ \ \ \ \
( ( )\___ | '_ | '_| | '_ \/ _` | \ \ \ \
 \\/  ___)| |_)| | | | | || (_| |  ) ) ) )
  '  |____| .__|_| |_|_| |_\__, | / / / /
 =========|_|==============|___/=/_/_/_/
 :: Spring Boot ::                (v3.0.6)

2023-05-07T18:23:43.893+09:00  INFO 13461 --- [    Test worker] c.b.bongsick.BongsickApplicationTests    : Starting BongsickApplicationTests using Java 17.0.7 with PID 13461 (started by jaewonchung in /Users/jaewonchung/Library/Mobile Documents/com~apple~CloudDocs/Codes/bongsick/backend/bongsick)
2023-05-07T18:23:43.894+09:00  INFO 13461 --- [    Test worker] c.b.bongsick.BongsickApplicationTests    : No active profile set, falling back to 1 default profile: "default"
2023-05-07T18:23:45.318+09:00  INFO 13461 --- [    Test worker] c.b.b.respository.FirebaseRepository     : Load Configuration File
2023-05-07T18:23:45.634+09:00  INFO 13461 --- [    Test worker] c.b.bongsick.BongsickApplicationTests    : Started BongsickApplicationTests in 1.906 seconds (process running for 2.939)
]]></system-out>
  <system-err><![CDATA[]]></system-err>
</testsuite>
